<?xml version="1.0" encoding="UTF-8"?>
<!-- Generated by org.testng.reporters.JUnitXMLReporter -->
<testsuite ignored="0" hostname="LAPTOP-64H03IG1" failures="0" tests="6" name="Test" time="181.089" errors="0" timestamp="2023-03-29T16:26:28 IST">
  <testcase classname="org.baseclass.Parallelecexution2" name="tc01" time="0.037"/>
  <testcase classname="org.baseclass.Parallelecexution2" name="tc02" time="0.003"/>
  <testcase classname="org.baseclass.Parallelecexution2" name="tc03" time="0.003"/>
  <testcase classname="org.baseclass.Parallelecexution2" name="tc04" time="0.003"/>
  <testcase classname="org.baseclass.Parellelexecution" name="tc01" time="109.697"/>
  <testcase classname="org.baseclass.Parellelexecution" name="tc02" time="71.155"/>
</testsuite> <!-- Test -->
